<?xml version="1.0" encoding="UTF-8"?>
<!-- Generated by org.testng.reporters.JUnitReportReporter -->
<testsuite hostname="4XF6B53" failures="0" tests="2" name="com.zemoso.tests.SeleniumAmazonTest" time="25.721" errors="0" timestamp="2021-08-16T14:10:51 IST" skipped="0">
  <testcase classname="com.zemoso.tests.SeleniumAmazonTest" name="tc001_testAddingItemToCart" time="17.979"/>
  <system-out/>
  <testcase classname="com.zemoso.tests.SeleniumAmazonTest" name="tc002_searchForMobilesAndAddLastToCart" time="7.742"/>
  <system-out/>
</testsuite> <!-- com.zemoso.tests.SeleniumAmazonTest -->
