<?xml version="1.0" encoding="UTF-8"?>
<!-- Generated by org.testng.reporters.JUnitReportReporter -->
<testsuite hostname="4XF6B53" failures="0" tests="1" name="com.zemoso.tests.YourOrdersTest" time="9.098" errors="0" timestamp="2021-08-16T14:10:51 IST" skipped="0">
  <testcase classname="com.zemoso.tests.YourOrdersTest" name="tc005_showLastYearOrders" time="9.098"/>
  <system-out/>
</testsuite> <!-- com.zemoso.tests.YourOrdersTest -->
