<?xml version="1.0" encoding="UTF-8"?>
<!-- Generated by org.testng.reporters.JUnitReportReporter -->
<testsuite hostname="4XF6B53" failures="0" tests="1" name="com.zemoso.tests.AddressAdditionTest" time="6.420" errors="0" timestamp="2021-08-16T14:10:51 IST" skipped="0">
  <testcase classname="com.zemoso.tests.AddressAdditionTest" name="tc005_addAndVerifyAddress" time="6.420"/>
  <system-out/>
</testsuite> <!-- com.zemoso.tests.AddressAdditionTest -->
